<?xml version="1.0" encoding="UTF-8"?>
<testsuite name="com.ads.web.admin.CustomerAdminWebApplicationTests" time="0.006" tests="1" errors="1" skipped="0" failures="0">
  <properties>
[...]
</properties>
  <testcase name="initializationError" classname="com.ads.web.admin.CustomerAdminWebApplicationTests" time="0.006">
    <error message="Found multiple @SpringBootConfiguration annotated classes [Generic bean: class [com.ads.web.admin.CustomerAdminWebApplication]; scope=; abstract=false; lazyInit=false; autowireMode=0; dependencyCheck=0; autowireCandidate=true; primary=false; factoryBeanName=null; factoryMethodName=null; initMethodName=null; destroyMethodName=null; defined in file [/Users/Shared/ATDD/development/customeradminweb/target/classes/com/ads/web/admin/CustomerAdminWebApplication.class], Generic bean: class [com.ads.web.admin.UserDataHelper]; scope=; abstract=false; lazyInit=false; autowireMode=0; dependencyCheck=0; autowireCandidate=true; primary=false; factoryBeanName=null; factoryMethodName=null; initMethodName=null; destroyMethodName=null; defined in file [/Users/Shared/ATDD/development/customeradminweb/target/classes/com/ads/web/admin/UserDataHelper.class]]" type="java.lang.IllegalStateException"><![CDATA[java.lang.IllegalStateException: Found multiple @SpringBootConfiguration annotated classes [Generic bean: class [com.ads.web.admin.CustomerAdminWebApplication]; scope=; abstract=false; lazyInit=false; autowireMode=0; dependencyCheck=0; autowireCandidate=true; primary=false; factoryBeanName=null; factoryMethodName=null; initMethodName=null; destroyMethodName=null; defined in file [/Users/Shared/ATDD/development/customeradminweb/target/classes/com/ads/web/admin/CustomerAdminWebApplication.class], Generic bean: class [com.ads.web.admin.UserDataHelper]; scope=; abstract=false; lazyInit=false; autowireMode=0; dependencyCheck=0; autowireCandidate=true; primary=false; factoryBeanName=null; factoryMethodName=null; initMethodName=null; destroyMethodName=null; defined in file [/Users/Shared/ATDD/development/customeradminweb/target/classes/com/ads/web/admin/UserDataHelper.class]]
	at org.springframework.util.Assert.state(Assert.java:70)
	at org.springframework.boot.test.context.SpringBootConfigurationFinder.scanPackage(SpringBootConfigurationFinder.java:69)
	at org.springframework.boot.test.context.SpringBootConfigurationFinder.findFromPackage(SpringBootConfigurationFinder.java:59)
	at org.springframework.boot.test.context.SpringBootConfigurationFinder.findFromClass(SpringBootConfigurationFinder.java:52)
	at org.springframework.boot.test.context.SpringBootTestContextBootstrapper.getOrFindConfigurationClasses(SpringBootTestContextBootstrapper.java:172)
	at org.springframework.boot.test.context.SpringBootTestContextBootstrapper.processMergedContextConfiguration(SpringBootTestContextBootstrapper.java:133)
	at org.springframework.test.context.support.AbstractTestContextBootstrapper.buildMergedContextConfiguration(AbstractTestContextBootstrapper.java:409)
	at org.springframework.test.context.support.AbstractTestContextBootstrapper.buildDefaultMergedContextConfiguration(AbstractTestContextBootstrapper.java:323)
	at org.springframework.test.context.support.AbstractTestContextBootstrapper.buildMergedContextConfiguration(AbstractTestContextBootstrapper.java:277)
	at org.springframework.test.context.support.AbstractTestContextBootstrapper.buildTestContext(AbstractTestContextBootstrapper.java:112)
	at org.springframework.boot.test.context.SpringBootTestContextBootstrapper.buildTestContext(SpringBootTestContextBootstrapper.java:78)
	at org.springframework.test.context.TestContextManager.<init>(TestContextManager.java:120)
	at org.springframework.test.context.TestContextManager.<init>(TestContextManager.java:105)
	at org.springframework.test.context.junit4.SpringJUnit4ClassRunner.createTestContextManager(SpringJUnit4ClassRunner.java:152)
	at org.springframework.test.context.junit4.SpringJUnit4ClassRunner.<init>(SpringJUnit4ClassRunner.java:143)
	at org.springframework.test.context.junit4.SpringRunner.<init>(SpringRunner.java:49)
	at sun.reflect.NativeConstructorAccessorImpl.newInstance0(Native Method)
	at sun.reflect.NativeConstructorAccessorImpl.newInstance(NativeConstructorAccessorImpl.java:62)
	at sun.reflect.DelegatingConstructorAccessorImpl.newInstance(DelegatingConstructorAccessorImpl.java:45)
	at java.lang.reflect.Constructor.newInstance(Constructor.java:423)
	at org.junit.internal.builders.AnnotatedBuilder.buildRunner(AnnotatedBuilder.java:104)
	at org.junit.internal.builders.AnnotatedBuilder.runnerForClass(AnnotatedBuilder.java:86)
	at org.junit.runners.model.RunnerBuilder.safeRunnerForClass(RunnerBuilder.java:59)
	at org.junit.internal.builders.AllDefaultPossibilitiesBuilder.runnerForClass(AllDefaultPossibilitiesBuilder.java:26)
	at org.junit.runners.model.RunnerBuilder.safeRunnerForClass(RunnerBuilder.java:59)
	at org.junit.internal.requests.ClassRequest.getRunner(ClassRequest.java:33)
	at org.apache.maven.surefire.junit4.JUnit4Provider.execute(JUnit4Provider.java:283)
	at org.apache.maven.surefire.junit4.JUnit4Provider.executeWithRerun(JUnit4Provider.java:173)
	at org.apache.maven.surefire.junit4.JUnit4Provider.executeTestSet(JUnit4Provider.java:153)
	at org.apache.maven.surefire.junit4.JUnit4Provider.invoke(JUnit4Provider.java:128)
	at org.apache.maven.surefire.booter.ForkedBooter.invokeProviderInSameClassLoader(ForkedBooter.java:203)
	at org.apache.maven.surefire.booter.ForkedBooter.runSuitesInProcess(ForkedBooter.java:155)
	at org.apache.maven.surefire.booter.ForkedBooter.main(ForkedBooter.java:103)
]]></error>
    <system-out><![CDATA[11:15:53.328 [main] DEBUG org.springframework.test.context.junit4.SpringJUnit4ClassRunner - SpringJUnit4ClassRunner constructor called with [class com.ads.web.admin.CustomerAdminWebApplicationTests]
11:15:53.333 [main] DEBUG org.springframework.test.context.BootstrapUtils - Instantiating CacheAwareContextLoaderDelegate from class [org.springframework.test.context.cache.DefaultCacheAwareContextLoaderDelegate]
11:15:53.342 [main] DEBUG org.springframework.test.context.BootstrapUtils - Instantiating BootstrapContext using constructor [public org.springframework.test.context.support.DefaultBootstrapContext(java.lang.Class,org.springframework.test.context.CacheAwareContextLoaderDelegate)]
11:15:53.358 [main] DEBUG org.springframework.test.context.BootstrapUtils - Instantiating TestContextBootstrapper for test class [com.ads.web.admin.CustomerAdminWebApplicationTests] from class [org.springframework.boot.test.context.SpringBootTestContextBootstrapper]
11:15:53.376 [main] INFO org.springframework.boot.test.context.SpringBootTestContextBootstrapper - Neither @ContextConfiguration nor @ContextHierarchy found for test class [com.ads.web.admin.CustomerAdminWebApplicationTests], using SpringBootContextLoader
11:15:53.380 [main] DEBUG org.springframework.test.context.support.AbstractContextLoader - Did not detect default resource location for test class [com.ads.web.admin.CustomerAdminWebApplicationTests]: class path resource [com/ads/web/admin/CustomerAdminWebApplicationTests-context.xml] does not exist
11:15:53.380 [main] DEBUG org.springframework.test.context.support.AbstractContextLoader - Did not detect default resource location for test class [com.ads.web.admin.CustomerAdminWebApplicationTests]: class path resource [com/ads/web/admin/CustomerAdminWebApplicationTestsContext.groovy] does not exist
11:15:53.380 [main] INFO org.springframework.test.context.support.AbstractContextLoader - Could not detect default resource locations for test class [com.ads.web.admin.CustomerAdminWebApplicationTests]: no resource found for suffixes {-context.xml, Context.groovy}.
11:15:53.381 [main] INFO org.springframework.test.context.support.AnnotationConfigContextLoaderUtils - Could not detect default configuration classes for test class [com.ads.web.admin.CustomerAdminWebApplicationTests]: CustomerAdminWebApplicationTests does not declare any static, non-private, non-final, nested classes annotated with @Configuration.
11:15:53.422 [main] DEBUG org.springframework.test.context.support.ActiveProfilesUtils - Could not find an 'annotation declaring class' for annotation type [org.springframework.test.context.ActiveProfiles] and class [com.ads.web.admin.CustomerAdminWebApplicationTests]
11:15:53.434 [main] DEBUG org.springframework.core.env.StandardEnvironment - Adding [systemProperties] PropertySource with lowest search precedence
11:15:53.435 [main] DEBUG org.springframework.core.env.StandardEnvironment - Adding [systemEnvironment] PropertySource with lowest search precedence
11:15:53.435 [main] DEBUG org.springframework.core.env.StandardEnvironment - Initialized StandardEnvironment with PropertySources [systemProperties,systemEnvironment]
11:15:53.448 [main] DEBUG org.springframework.core.io.support.PathMatchingResourcePatternResolver - Resolved classpath location [com/ads/web/admin/] to resources [URL [file:/Users/Shared/ATDD/development/customeradminweb/target/test-classes/com/ads/web/admin/], URL [file:/Users/Shared/ATDD/development/customeradminweb/target/classes/com/ads/web/admin/]]
11:15:53.448 [main] DEBUG org.springframework.core.io.support.PathMatchingResourcePatternResolver - Looking for matching resources in directory tree [/Users/Shared/ATDD/development/customeradminweb/target/test-classes/com/ads/web/admin]
11:15:53.448 [main] DEBUG org.springframework.core.io.support.PathMatchingResourcePatternResolver - Searching directory [/Users/Shared/ATDD/development/customeradminweb/target/test-classes/com/ads/web/admin] for files matching pattern [/Users/Shared/ATDD/development/customeradminweb/target/test-classes/com/ads/web/admin/*.class]
11:15:53.451 [main] DEBUG org.springframework.core.io.support.PathMatchingResourcePatternResolver - Looking for matching resources in directory tree [/Users/Shared/ATDD/development/customeradminweb/target/classes/com/ads/web/admin]
11:15:53.451 [main] DEBUG org.springframework.core.io.support.PathMatchingResourcePatternResolver - Searching directory [/Users/Shared/ATDD/development/customeradminweb/target/classes/com/ads/web/admin] for files matching pattern [/Users/Shared/ATDD/development/customeradminweb/target/classes/com/ads/web/admin/*.class]
11:15:53.453 [main] DEBUG org.springframework.core.io.support.PathMatchingResourcePatternResolver - Resolved location pattern [classpath*:com/ads/web/admin/*.class] to resources [file [/Users/Shared/ATDD/development/customeradminweb/target/test-classes/com/ads/web/admin/CustomerAdminWebApplicationTests.class], file [/Users/Shared/ATDD/development/customeradminweb/target/classes/com/ads/web/admin/CustomerAdminWebApplication.class], file [/Users/Shared/ATDD/development/customeradminweb/target/classes/com/ads/web/admin/FeebackRepository.class], file [/Users/Shared/ATDD/development/customeradminweb/target/classes/com/ads/web/admin/FeedbackEntity.class], file [/Users/Shared/ATDD/development/customeradminweb/target/classes/com/ads/web/admin/FormSettingModel.class], file [/Users/Shared/ATDD/development/customeradminweb/target/classes/com/ads/web/admin/StatusUIModel.class], file [/Users/Shared/ATDD/development/customeradminweb/target/classes/com/ads/web/admin/Traveler.class], file [/Users/Shared/ATDD/development/customeradminweb/target/classes/com/ads/web/admin/UserDataHelper.class]]
11:15:53.503 [main] DEBUG org.springframework.context.annotation.ClassPathScanningCandidateComponentProvider - Identified candidate component class: file [/Users/Shared/ATDD/development/customeradminweb/target/classes/com/ads/web/admin/CustomerAdminWebApplication.class]
11:15:53.507 [main] DEBUG org.springframework.context.annotation.ClassPathScanningCandidateComponentProvider - Identified candidate component class: file [/Users/Shared/ATDD/development/customeradminweb/target/classes/com/ads/web/admin/UserDataHelper.class]
11:15:53.511 [main] DEBUG org.springframework.test.context.junit4.SpringJUnit4ClassRunner - SpringJUnit4ClassRunner constructor called with [class com.ads.web.admin.CustomerAdminWebApplicationTests]
11:15:53.511 [main] DEBUG org.springframework.test.context.BootstrapUtils - Instantiating CacheAwareContextLoaderDelegate from class [org.springframework.test.context.cache.DefaultCacheAwareContextLoaderDelegate]
11:15:53.511 [main] DEBUG org.springframework.test.context.BootstrapUtils - Instantiating BootstrapContext using constructor [public org.springframework.test.context.support.DefaultBootstrapContext(java.lang.Class,org.springframework.test.context.CacheAwareContextLoaderDelegate)]
11:15:53.512 [main] DEBUG org.springframework.test.context.BootstrapUtils - Instantiating TestContextBootstrapper for test class [com.ads.web.admin.CustomerAdminWebApplicationTests] from class [org.springframework.boot.test.context.SpringBootTestContextBootstrapper]
11:15:53.512 [main] INFO org.springframework.boot.test.context.SpringBootTestContextBootstrapper - Neither @ContextConfiguration nor @ContextHierarchy found for test class [com.ads.web.admin.CustomerAdminWebApplicationTests], using SpringBootContextLoader
11:15:53.513 [main] DEBUG org.springframework.test.context.support.AbstractContextLoader - Did not detect default resource location for test class [com.ads.web.admin.CustomerAdminWebApplicationTests]: class path resource [com/ads/web/admin/CustomerAdminWebApplicationTests-context.xml] does not exist
11:15:53.513 [main] DEBUG org.springframework.test.context.support.AbstractContextLoader - Did not detect default resource location for test class [com.ads.web.admin.CustomerAdminWebApplicationTests]: class path resource [com/ads/web/admin/CustomerAdminWebApplicationTestsContext.groovy] does not exist
11:15:53.513 [main] INFO org.springframework.test.context.support.AbstractContextLoader - Could not detect default resource locations for test class [com.ads.web.admin.CustomerAdminWebApplicationTests]: no resource found for suffixes {-context.xml, Context.groovy}.
11:15:53.513 [main] INFO org.springframework.test.context.support.AnnotationConfigContextLoaderUtils - Could not detect default configuration classes for test class [com.ads.web.admin.CustomerAdminWebApplicationTests]: CustomerAdminWebApplicationTests does not declare any static, non-private, non-final, nested classes annotated with @Configuration.
11:15:53.517 [main] DEBUG org.springframework.test.context.support.ActiveProfilesUtils - Could not find an 'annotation declaring class' for annotation type [org.springframework.test.context.ActiveProfiles] and class [com.ads.web.admin.CustomerAdminWebApplicationTests]
11:15:53.517 [main] DEBUG org.springframework.core.env.StandardEnvironment - Adding [systemProperties] PropertySource with lowest search precedence
11:15:53.517 [main] DEBUG org.springframework.core.env.StandardEnvironment - Adding [systemEnvironment] PropertySource with lowest search precedence
11:15:53.517 [main] DEBUG org.springframework.core.env.StandardEnvironment - Initialized StandardEnvironment with PropertySources [systemProperties,systemEnvironment]
11:15:53.518 [main] DEBUG org.springframework.core.io.support.PathMatchingResourcePatternResolver - Resolved classpath location [com/ads/web/admin/] to resources [URL [file:/Users/Shared/ATDD/development/customeradminweb/target/test-classes/com/ads/web/admin/], URL [file:/Users/Shared/ATDD/development/customeradminweb/target/classes/com/ads/web/admin/]]
11:15:53.518 [main] DEBUG org.springframework.core.io.support.PathMatchingResourcePatternResolver - Looking for matching resources in directory tree [/Users/Shared/ATDD/development/customeradminweb/target/test-classes/com/ads/web/admin]
11:15:53.518 [main] DEBUG org.springframework.core.io.support.PathMatchingResourcePatternResolver - Searching directory [/Users/Shared/ATDD/development/customeradminweb/target/test-classes/com/ads/web/admin] for files matching pattern [/Users/Shared/ATDD/development/customeradminweb/target/test-classes/com/ads/web/admin/*.class]
11:15:53.519 [main] DEBUG org.springframework.core.io.support.PathMatchingResourcePatternResolver - Looking for matching resources in directory tree [/Users/Shared/ATDD/development/customeradminweb/target/classes/com/ads/web/admin]
11:15:53.519 [main] DEBUG org.springframework.core.io.support.PathMatchingResourcePatternResolver - Searching directory [/Users/Shared/ATDD/development/customeradminweb/target/classes/com/ads/web/admin] for files matching pattern [/Users/Shared/ATDD/development/customeradminweb/target/classes/com/ads/web/admin/*.class]
11:15:53.520 [main] DEBUG org.springframework.core.io.support.PathMatchingResourcePatternResolver - Resolved location pattern [classpath*:com/ads/web/admin/*.class] to resources [file [/Users/Shared/ATDD/development/customeradminweb/target/test-classes/com/ads/web/admin/CustomerAdminWebApplicationTests.class], file [/Users/Shared/ATDD/development/customeradminweb/target/classes/com/ads/web/admin/CustomerAdminWebApplication.class], file [/Users/Shared/ATDD/development/customeradminweb/target/classes/com/ads/web/admin/FeebackRepository.class], file [/Users/Shared/ATDD/development/customeradminweb/target/classes/com/ads/web/admin/FeedbackEntity.class], file [/Users/Shared/ATDD/development/customeradminweb/target/classes/com/ads/web/admin/FormSettingModel.class], file [/Users/Shared/ATDD/development/customeradminweb/target/classes/com/ads/web/admin/StatusUIModel.class], file [/Users/Shared/ATDD/development/customeradminweb/target/classes/com/ads/web/admin/Traveler.class], file [/Users/Shared/ATDD/development/customeradminweb/target/classes/com/ads/web/admin/UserDataHelper.class]]
11:15:53.522 [main] DEBUG org.springframework.context.annotation.ClassPathScanningCandidateComponentProvider - Identified candidate component class: file [/Users/Shared/ATDD/development/customeradminweb/target/classes/com/ads/web/admin/CustomerAdminWebApplication.class]
11:15:53.525 [main] DEBUG org.springframework.context.annotation.ClassPathScanningCandidateComponentProvider - Identified candidate component class: file [/Users/Shared/ATDD/development/customeradminweb/target/classes/com/ads/web/admin/UserDataHelper.class]
]]></system-out>
  </testcase>
</testsuite>